{"/mnt/ssd/nodejs/js/src/data-structures/LinkedList/LinkedList.ts": {"path":"/mnt/ssd/nodejs/js/src/data-structures/LinkedList/LinkedList.ts","statementMap":{"0":{"start":{"line":10,"column":4},"end":{"line":10,"column":21}},"1":{"start":{"line":11,"column":4},"end":{"line":11,"column":21}},"2":{"start":{"line":6,"column":0},"end":{"line":6,"column":13}},"3":{"start":{"line":17,"column":19},"end":{"line":17,"column":20}},"4":{"start":{"line":19,"column":4},"end":{"line":19,"column":21}},"5":{"start":{"line":21,"column":4},"end":{"line":21,"column":21}},"6":{"start":{"line":22,"column":4},"end":{"line":22,"column":20}},"7":{"start":{"line":28,"column":20},"end":{"line":28,"column":56}},"8":{"start":{"line":30,"column":4},"end":{"line":30,"column":24}},"9":{"start":{"line":32,"column":4},"end":{"line":34,"column":null}},"10":{"start":{"line":33,"column":6},"end":{"line":33,"column":26}},"11":{"start":{"line":36,"column":4},"end":{"line":36,"column":18}},"12":{"start":{"line":37,"column":4},"end":{"line":37,"column":19}},"13":{"start":{"line":41,"column":18},"end":{"line":41,"column":43}},"14":{"start":{"line":43,"column":4},"end":{"line":53,"column":null}},"15":{"start":{"line":44,"column":6},"end":{"line":44,"column":26}},"16":{"start":{"line":45,"column":6},"end":{"line":45,"column":26}},"17":{"start":{"line":49,"column":6},"end":{"line":51,"column":null}},"18":{"start":{"line":50,"column":8},"end":{"line":50,"column":33}},"19":{"start":{"line":52,"column":6},"end":{"line":52,"column":26}},"20":{"start":{"line":54,"column":4},"end":{"line":54,"column":18}},"21":{"start":{"line":55,"column":4},"end":{"line":55,"column":19}},"22":{"start":{"line":59,"column":4},"end":{"line":59,"column":39}},"23":{"start":{"line":61,"column":4},"end":{"line":63,"column":null}},"24":{"start":{"line":62,"column":6},"end":{"line":62,"column":33}},"25":{"start":{"line":64,"column":16},"end":{"line":64,"column":17}},"26":{"start":{"line":65,"column":45},"end":{"line":65,"column":54}},"27":{"start":{"line":66,"column":20},"end":{"line":66,"column":45}},"28":{"start":{"line":68,"column":4},"end":{"line":72,"column":null}},"29":{"start":{"line":69,"column":6},"end":{"line":69,"column":33}},"30":{"start":{"line":69,"column":27},"end":{"line":69,"column":33}},"31":{"start":{"line":70,"column":6},"end":{"line":70,"column":37}},"32":{"start":{"line":71,"column":6},"end":{"line":71,"column":14}},"33":{"start":{"line":74,"column":4},"end":{"line":79,"column":null}},"34":{"start":{"line":75,"column":6},"end":{"line":75,"column":38}},"35":{"start":{"line":76,"column":6},"end":{"line":76,"column":33}},"36":{"start":{"line":77,"column":6},"end":{"line":77,"column":20}},"37":{"start":{"line":78,"column":6},"end":{"line":78,"column":21}},"38":{"start":{"line":81,"column":4},"end":{"line":81,"column":30}},"39":{"start":{"line":86,"column":4},"end":{"line":86,"column":27}},"40":{"start":{"line":86,"column":20},"end":{"line":86,"column":27}},"41":{"start":{"line":89,"column":4},"end":{"line":91,"column":null}},"42":{"start":{"line":90,"column":6},"end":{"line":90,"column":30}},"43":{"start":{"line":94,"column":22},"end":{"line":94,"column":31}},"44":{"start":{"line":95,"column":15},"end":{"line":95,"column":19}},"45":{"start":{"line":96,"column":4},"end":{"line":106,"column":null}},"46":{"start":{"line":98,"column":6},"end":{"line":105,"column":null}},"47":{"start":{"line":99,"column":8},"end":{"line":99,"column":32}},"48":{"start":{"line":100,"column":8},"end":{"line":100,"column":49}},"49":{"start":{"line":101,"column":8},"end":{"line":101,"column":22}},"50":{"start":{"line":102,"column":8},"end":{"line":102,"column":14}},"51":{"start":{"line":104,"column":8},"end":{"line":104,"column":39}},"52":{"start":{"line":107,"column":4},"end":{"line":110,"column":null}},"53":{"start":{"line":108,"column":6},"end":{"line":108,"column":30}},"54":{"start":{"line":109,"column":6},"end":{"line":109,"column":25}},"55":{"start":{"line":111,"column":4},"end":{"line":111,"column":16}},"56":{"start":{"line":115,"column":4},"end":{"line":117,"column":null}},"57":{"start":{"line":116,"column":6},"end":{"line":116,"column":13}},"58":{"start":{"line":119,"column":4},"end":{"line":121,"column":null}},"59":{"start":{"line":120,"column":6},"end":{"line":120,"column":18}},"60":{"start":{"line":123,"column":4},"end":{"line":135,"column":null}},"61":{"start":{"line":124,"column":6},"end":{"line":130,"column":null}},"62":{"start":{"line":125,"column":19},"end":{"line":125,"column":28}},"63":{"start":{"line":126,"column":8},"end":{"line":126,"column":25}},"64":{"start":{"line":127,"column":8},"end":{"line":127,"column":25}},"65":{"start":{"line":128,"column":8},"end":{"line":128,"column":22}},"66":{"start":{"line":129,"column":8},"end":{"line":129,"column":20}},"67":{"start":{"line":131,"column":17},"end":{"line":131,"column":26}},"68":{"start":{"line":132,"column":6},"end":{"line":132,"column":33}},"69":{"start":{"line":133,"column":6},"end":{"line":133,"column":20}},"70":{"start":{"line":134,"column":6},"end":{"line":134,"column":18}},"71":{"start":{"line":136,"column":16},"end":{"line":136,"column":17}},"72":{"start":{"line":137,"column":22},"end":{"line":137,"column":31}},"73":{"start":{"line":138,"column":15},"end":{"line":138,"column":19}},"74":{"start":{"line":140,"column":4},"end":{"line":144,"column":null}},"75":{"start":{"line":141,"column":6},"end":{"line":141,"column":33}},"76":{"start":{"line":141,"column":27},"end":{"line":141,"column":33}},"77":{"start":{"line":142,"column":6},"end":{"line":142,"column":37}},"78":{"start":{"line":143,"column":6},"end":{"line":143,"column":14}},"79":{"start":{"line":146,"column":4},"end":{"line":151,"column":null}},"80":{"start":{"line":147,"column":6},"end":{"line":147,"column":30}},"81":{"start":{"line":148,"column":6},"end":{"line":148,"column":47}},"82":{"start":{"line":149,"column":6},"end":{"line":149,"column":20}},"83":{"start":{"line":150,"column":6},"end":{"line":150,"column":18}},"84":{"start":{"line":153,"column":4},"end":{"line":156,"column":null}},"85":{"start":{"line":154,"column":6},"end":{"line":154,"column":30}},"86":{"start":{"line":155,"column":6},"end":{"line":155,"column":25}},"87":{"start":{"line":157,"column":4},"end":{"line":157,"column":16}},"88":{"start":{"line":161,"column":4},"end":{"line":161,"column":28}},"89":{"start":{"line":165,"column":4},"end":{"line":165,"column":42}},"90":{"start":{"line":169,"column":4},"end":{"line":169,"column":27}},"91":{"start":{"line":169,"column":20},"end":{"line":169,"column":27}},"92":{"start":{"line":170,"column":4},"end":{"line":170,"column":38}},"93":{"start":{"line":170,"column":21},"end":{"line":170,"column":38}},"94":{"start":{"line":171,"column":45},"end":{"line":171,"column":54}},"95":{"start":{"line":172,"column":16},"end":{"line":172,"column":17}},"96":{"start":{"line":173,"column":4},"end":{"line":177,"column":null}},"97":{"start":{"line":174,"column":6},"end":{"line":174,"column":46}},"98":{"start":{"line":174,"column":27},"end":{"line":174,"column":46}},"99":{"start":{"line":175,"column":6},"end":{"line":175,"column":37}},"100":{"start":{"line":176,"column":6},"end":{"line":176,"column":14}},"101":{"start":{"line":178,"column":4},"end":{"line":178,"column":56}},"102":{"start":{"line":178,"column":22},"end":{"line":178,"column":56}},"103":{"start":{"line":182,"column":4},"end":{"line":182,"column":27}},"104":{"start":{"line":182,"column":20},"end":{"line":182,"column":27}},"105":{"start":{"line":183,"column":4},"end":{"line":183,"column":51}},"106":{"start":{"line":183,"column":34},"end":{"line":183,"column":51}},"107":{"start":{"line":184,"column":22},"end":{"line":184,"column":31}},"108":{"start":{"line":185,"column":4},"end":{"line":188,"column":null}},"109":{"start":{"line":186,"column":6},"end":{"line":186,"column":37}},"110":{"start":{"line":187,"column":6},"end":{"line":187,"column":57}},"111":{"start":{"line":187,"column":38},"end":{"line":187,"column":57}},"112":{"start":{"line":189,"column":4},"end":{"line":189,"column":16}},"113":{"start":{"line":193,"column":25},"end":{"line":193,"column":27}},"114":{"start":{"line":194,"column":22},"end":{"line":194,"column":31}},"115":{"start":{"line":195,"column":4},"end":{"line":198,"column":null}},"116":{"start":{"line":196,"column":6},"end":{"line":196,"column":42}},"117":{"start":{"line":197,"column":6},"end":{"line":197,"column":37}},"118":{"start":{"line":199,"column":4},"end":{"line":199,"column":16}},"119":{"start":{"line":204,"column":4},"end":{"line":204,"column":29}},"120":{"start":{"line":209,"column":27},"end":{"line":209,"column":29}},"121":{"start":{"line":210,"column":22},"end":{"line":210,"column":24}},"122":{"start":{"line":211,"column":22},"end":{"line":211,"column":31}},"123":{"start":{"line":212,"column":4},"end":{"line":215,"column":null}},"124":{"start":{"line":213,"column":6},"end":{"line":213,"column":42}},"125":{"start":{"line":214,"column":6},"end":{"line":214,"column":37}},"126":{"start":{"line":216,"column":4},"end":{"line":216,"column":39}},"127":{"start":{"line":217,"column":4},"end":{"line":217,"column":34}},"128":{"start":{"line":221,"column":4},"end":{"line":221,"column":23}},"129":{"start":{"line":225,"column":4},"end":{"line":225,"column":21}},"130":{"start":{"line":230,"column":4},"end":{"line":230,"column":21}},"131":{"start":{"line":14,"column":0},"end":{"line":14,"column":13}}},"fnMap":{"0":{"name":"(anonymous_0)","decl":{"start":{"line":9,"column":2},"end":{"line":9,"column":14}},"loc":{"start":{"line":9,"column":41},"end":{"line":12,"column":3}}},"1":{"name":"(anonymous_1)","decl":{"start":{"line":18,"column":2},"end":{"line":18,"column":null}},"loc":{"start":{"line":18,"column":2},"end":{"line":23,"column":3}}},"2":{"name":"(anonymous_2)","decl":{"start":{"line":25,"column":2},"end":{"line":25,"column":9}},"loc":{"start":{"line":25,"column":20},"end":{"line":38,"column":3}}},"3":{"name":"(anonymous_3)","decl":{"start":{"line":40,"column":2},"end":{"line":40,"column":8}},"loc":{"start":{"line":40,"column":19},"end":{"line":56,"column":3}}},"4":{"name":"(anonymous_4)","decl":{"start":{"line":58,"column":2},"end":{"line":58,"column":8}},"loc":{"start":{"line":58,"column":34},"end":{"line":82,"column":3}}},"5":{"name":"(anonymous_5)","decl":{"start":{"line":84,"column":2},"end":{"line":84,"column":8}},"loc":{"start":{"line":84,"column":19},"end":{"line":112,"column":3}}},"6":{"name":"(anonymous_6)","decl":{"start":{"line":114,"column":2},"end":{"line":114,"column":10}},"loc":{"start":{"line":114,"column":24},"end":{"line":158,"column":3}}},"7":{"name":"(anonymous_7)","decl":{"start":{"line":160,"column":2},"end":{"line":160,"column":12}},"loc":{"start":{"line":160,"column":12},"end":{"line":162,"column":3}}},"8":{"name":"(anonymous_8)","decl":{"start":{"line":164,"column":2},"end":{"line":164,"column":12}},"loc":{"start":{"line":164,"column":12},"end":{"line":166,"column":3}}},"9":{"name":"(anonymous_9)","decl":{"start":{"line":168,"column":2},"end":{"line":168,"column":4}},"loc":{"start":{"line":168,"column":18},"end":{"line":179,"column":3}}},"10":{"name":"(anonymous_10)","decl":{"start":{"line":181,"column":2},"end":{"line":181,"column":6}},"loc":{"start":{"line":181,"column":17},"end":{"line":190,"column":3}}},"11":{"name":"(anonymous_11)","decl":{"start":{"line":192,"column":2},"end":{"line":192,"column":9}},"loc":{"start":{"line":192,"column":9},"end":{"line":200,"column":3}}},"12":{"name":"(anonymous_12)","decl":{"start":{"line":203,"column":2},"end":{"line":203,"column":9}},"loc":{"start":{"line":203,"column":9},"end":{"line":205,"column":3}}},"13":{"name":"(anonymous_13)","decl":{"start":{"line":208,"column":2},"end":{"line":208,"column":10}},"loc":{"start":{"line":208,"column":10},"end":{"line":218,"column":3}}},"14":{"name":"(anonymous_14)","decl":{"start":{"line":220,"column":2},"end":{"line":220,"column":6}},"loc":{"start":{"line":220,"column":6},"end":{"line":222,"column":3}}},"15":{"name":"(anonymous_15)","decl":{"start":{"line":224,"column":2},"end":{"line":224,"column":9}},"loc":{"start":{"line":224,"column":9},"end":{"line":226,"column":3}}},"16":{"name":"(anonymous_16)","decl":{"start":{"line":229,"column":2},"end":{"line":229,"column":9}},"loc":{"start":{"line":229,"column":9},"end":{"line":231,"column":3}}}},"branchMap":{"0":{"loc":{"start":{"line":9,"column":25},"end":{"line":9,"column":41}},"type":"default-arg","locations":[{"start":{"line":9,"column":37},"end":{"line":9,"column":41}}]},"1":{"loc":{"start":{"line":32,"column":4},"end":{"line":34,"column":null}},"type":"if","locations":[{"start":{"line":32,"column":4},"end":{"line":34,"column":null}}]},"2":{"loc":{"start":{"line":43,"column":4},"end":{"line":53,"column":null}},"type":"if","locations":[{"start":{"line":43,"column":4},"end":{"line":53,"column":null}},{"start":{"line":48,"column":9},"end":{"line":53,"column":null}}]},"3":{"loc":{"start":{"line":49,"column":6},"end":{"line":51,"column":null}},"type":"if","locations":[{"start":{"line":49,"column":6},"end":{"line":51,"column":null}}]},"4":{"loc":{"start":{"line":59,"column":12},"end":{"line":59,"column":38}},"type":"cond-expr","locations":[{"start":{"line":59,"column":24},"end":{"line":59,"column":25}},{"start":{"line":59,"column":28},"end":{"line":59,"column":38}}]},"5":{"loc":{"start":{"line":59,"column":28},"end":{"line":59,"column":38}},"type":"binary-expr","locations":[{"start":{"line":59,"column":28},"end":{"line":59,"column":33}},{"start":{"line":59,"column":37},"end":{"line":59,"column":38}}]},"6":{"loc":{"start":{"line":61,"column":4},"end":{"line":63,"column":null}},"type":"if","locations":[{"start":{"line":61,"column":4},"end":{"line":63,"column":null}}]},"7":{"loc":{"start":{"line":69,"column":6},"end":{"line":69,"column":33}},"type":"if","locations":[{"start":{"line":69,"column":6},"end":{"line":69,"column":33}}]},"8":{"loc":{"start":{"line":74,"column":4},"end":{"line":79,"column":null}},"type":"if","locations":[{"start":{"line":74,"column":4},"end":{"line":79,"column":null}}]},"9":{"loc":{"start":{"line":86,"column":4},"end":{"line":86,"column":27}},"type":"if","locations":[{"start":{"line":86,"column":4},"end":{"line":86,"column":27}}]},"10":{"loc":{"start":{"line":89,"column":4},"end":{"line":91,"column":null}},"type":"if","locations":[{"start":{"line":89,"column":4},"end":{"line":91,"column":null}}]},"11":{"loc":{"start":{"line":98,"column":6},"end":{"line":105,"column":null}},"type":"if","locations":[{"start":{"line":98,"column":6},"end":{"line":105,"column":null}},{"start":{"line":103,"column":13},"end":{"line":105,"column":null}}]},"12":{"loc":{"start":{"line":107,"column":4},"end":{"line":110,"column":null}},"type":"if","locations":[{"start":{"line":107,"column":4},"end":{"line":110,"column":null}}]},"13":{"loc":{"start":{"line":115,"column":4},"end":{"line":117,"column":null}},"type":"if","locations":[{"start":{"line":115,"column":4},"end":{"line":117,"column":null}}]},"14":{"loc":{"start":{"line":119,"column":4},"end":{"line":121,"column":null}},"type":"if","locations":[{"start":{"line":119,"column":4},"end":{"line":121,"column":null}}]},"15":{"loc":{"start":{"line":119,"column":8},"end":{"line":119,"column":41}},"type":"binary-expr","locations":[{"start":{"line":119,"column":8},"end":{"line":119,"column":17}},{"start":{"line":119,"column":21},"end":{"line":119,"column":41}}]},"16":{"loc":{"start":{"line":123,"column":4},"end":{"line":135,"column":null}},"type":"if","locations":[{"start":{"line":123,"column":4},"end":{"line":135,"column":null}}]},"17":{"loc":{"start":{"line":124,"column":6},"end":{"line":130,"column":null}},"type":"if","locations":[{"start":{"line":124,"column":6},"end":{"line":130,"column":null}}]},"18":{"loc":{"start":{"line":141,"column":6},"end":{"line":141,"column":33}},"type":"if","locations":[{"start":{"line":141,"column":6},"end":{"line":141,"column":33}}]},"19":{"loc":{"start":{"line":146,"column":4},"end":{"line":151,"column":null}},"type":"if","locations":[{"start":{"line":146,"column":4},"end":{"line":151,"column":null}}]},"20":{"loc":{"start":{"line":153,"column":4},"end":{"line":156,"column":null}},"type":"if","locations":[{"start":{"line":153,"column":4},"end":{"line":156,"column":null}}]},"21":{"loc":{"start":{"line":169,"column":4},"end":{"line":169,"column":27}},"type":"if","locations":[{"start":{"line":169,"column":4},"end":{"line":169,"column":27}}]},"22":{"loc":{"start":{"line":170,"column":4},"end":{"line":170,"column":38}},"type":"if","locations":[{"start":{"line":170,"column":4},"end":{"line":170,"column":38}}]},"23":{"loc":{"start":{"line":174,"column":6},"end":{"line":174,"column":46}},"type":"if","locations":[{"start":{"line":174,"column":6},"end":{"line":174,"column":46}}]},"24":{"loc":{"start":{"line":178,"column":4},"end":{"line":178,"column":56}},"type":"if","locations":[{"start":{"line":178,"column":4},"end":{"line":178,"column":56}}]},"25":{"loc":{"start":{"line":182,"column":4},"end":{"line":182,"column":27}},"type":"if","locations":[{"start":{"line":182,"column":4},"end":{"line":182,"column":27}}]},"26":{"loc":{"start":{"line":183,"column":4},"end":{"line":183,"column":51}},"type":"if","locations":[{"start":{"line":183,"column":4},"end":{"line":183,"column":51}}]},"27":{"loc":{"start":{"line":187,"column":6},"end":{"line":187,"column":57}},"type":"if","locations":[{"start":{"line":187,"column":6},"end":{"line":187,"column":57}}]},"28":{"loc":{"start":{"line":196,"column":16},"end":{"line":196,"column":40}},"type":"binary-expr","locations":[{"start":{"line":196,"column":16},"end":{"line":196,"column":32}},{"start":{"line":196,"column":36},"end":{"line":196,"column":40}}]},"29":{"loc":{"start":{"line":213,"column":16},"end":{"line":213,"column":40}},"type":"binary-expr","locations":[{"start":{"line":213,"column":16},"end":{"line":213,"column":32}},{"start":{"line":213,"column":36},"end":{"line":213,"column":40}}]},"30":{"loc":{"start":{"line":217,"column":11},"end":{"line":217,"column":33}},"type":"binary-expr","locations":[{"start":{"line":217,"column":11},"end":{"line":217,"column":27}},{"start":{"line":217,"column":31},"end":{"line":217,"column":33}}]}},"s":{"0":57,"1":57,"2":4,"3":15,"4":15,"5":15,"6":15,"7":17,"8":17,"9":17,"10":17,"11":17,"12":17,"13":34,"14":34,"15":10,"16":10,"17":24,"18":24,"19":24,"20":34,"21":34,"22":8,"23":8,"24":3,"25":5,"26":5,"27":5,"28":5,"29":6,"30":5,"31":1,"32":1,"33":5,"34":5,"35":5,"36":5,"37":5,"38":0,"39":8,"40":2,"41":6,"42":3,"43":3,"44":3,"45":3,"46":4,"47":3,"48":3,"49":3,"50":3,"51":1,"52":3,"53":0,"54":0,"55":3,"56":18,"57":3,"58":15,"59":0,"60":15,"61":10,"62":6,"63":6,"64":6,"65":6,"66":6,"67":4,"68":4,"69":4,"70":4,"71":5,"72":5,"73":5,"74":5,"75":7,"76":5,"77":2,"78":2,"79":5,"80":5,"81":5,"82":5,"83":5,"84":0,"85":0,"86":0,"87":0,"88":5,"89":5,"90":12,"91":0,"92":12,"93":3,"94":9,"95":9,"96":9,"97":24,"98":7,"99":17,"100":17,"101":2,"102":2,"103":4,"104":0,"105":4,"106":1,"107":3,"108":3,"109":5,"110":5,"111":2,"112":1,"113":1,"114":1,"115":1,"116":3,"117":3,"118":1,"119":3,"120":17,"121":17,"122":17,"123":17,"124":39,"125":39,"126":17,"127":17,"128":4,"129":0,"130":0,"131":4},"f":{"0":57,"1":15,"2":17,"3":34,"4":8,"5":8,"6":18,"7":5,"8":5,"9":12,"10":4,"11":1,"12":3,"13":17,"14":4,"15":0,"16":0},"b":{"0":[40],"1":[17],"2":[10,24],"3":[24],"4":[0,8],"5":[8,0],"6":[3],"7":[5],"8":[5],"9":[2],"10":[3],"11":[3,1],"12":[0],"13":[3],"14":[0],"15":[15,15],"16":[10],"17":[6],"18":[5],"19":[5],"20":[0],"21":[0],"22":[3],"23":[7],"24":[2],"25":[0],"26":[1],"27":[2],"28":[3,0],"29":[39,0],"30":[17,3]}}
,"/mnt/ssd/nodejs/js/src/data-structures/LinkedList/Questions/delete-a-node-from-a-linked-list.ts": {"path":"/mnt/ssd/nodejs/js/src/data-structures/LinkedList/Questions/delete-a-node-from-a-linked-list.ts","statementMap":{"0":{"start":{"line":5,"column":2},"end":{"line":5,"column":21}},"1":{"start":{"line":5,"column":14},"end":{"line":5,"column":21}},"2":{"start":{"line":6,"column":2},"end":{"line":9,"column":null}},"3":{"start":{"line":7,"column":4},"end":{"line":7,"column":23}},"4":{"start":{"line":8,"column":4},"end":{"line":8,"column":17}},"5":{"start":{"line":10,"column":14},"end":{"line":10,"column":15}},"6":{"start":{"line":11,"column":13},"end":{"line":11,"column":18}},"7":{"start":{"line":12,"column":2},"end":{"line":19,"column":null}},"8":{"start":{"line":13,"column":4},"end":{"line":16,"column":null}},"9":{"start":{"line":14,"column":6},"end":{"line":14,"column":33}},"10":{"start":{"line":15,"column":6},"end":{"line":15,"column":19}},"11":{"start":{"line":17,"column":4},"end":{"line":17,"column":21}},"12":{"start":{"line":18,"column":4},"end":{"line":18,"column":12}},"13":{"start":{"line":20,"column":2},"end":{"line":20,"column":9}},"14":{"start":{"line":3,"column":0},"end":{"line":3,"column":16}}},"fnMap":{"0":{"name":"deleteNode","decl":{"start":{"line":3,"column":16},"end":{"line":3,"column":26}},"loc":{"start":{"line":3,"column":73},"end":{"line":21,"column":1}}}},"branchMap":{"0":{"loc":{"start":{"line":5,"column":2},"end":{"line":5,"column":21}},"type":"if","locations":[{"start":{"line":5,"column":2},"end":{"line":5,"column":21}}]},"1":{"loc":{"start":{"line":6,"column":2},"end":{"line":9,"column":null}},"type":"if","locations":[{"start":{"line":6,"column":2},"end":{"line":9,"column":null}}]},"2":{"loc":{"start":{"line":13,"column":4},"end":{"line":16,"column":null}},"type":"if","locations":[{"start":{"line":13,"column":4},"end":{"line":16,"column":null}}]}},"s":{"0":1,"1":0,"2":1,"3":0,"4":0,"5":1,"6":1,"7":1,"8":3,"9":1,"10":1,"11":2,"12":2,"13":0,"14":1},"f":{"0":1},"b":{"0":[0],"1":[0],"2":[1]}}
,"/mnt/ssd/nodejs/js/src/data-structures/LinkedList/Questions/insert-a-node-at-a-specific-position-in-a-linked-list.ts": {"path":"/mnt/ssd/nodejs/js/src/data-structures/LinkedList/Questions/insert-a-node-at-a-specific-position-in-a-linked-list.ts","statementMap":{"0":{"start":{"line":1,"column":0},"end":{"line":1,"column":47}},"1":{"start":{"line":8,"column":2},"end":{"line":10,"column":null}},"2":{"start":{"line":9,"column":4},"end":{"line":9,"column":11}},"3":{"start":{"line":11,"column":2},"end":{"line":15,"column":null}},"4":{"start":{"line":12,"column":18},"end":{"line":12,"column":42}},"5":{"start":{"line":13,"column":4},"end":{"line":13,"column":25}},"6":{"start":{"line":14,"column":4},"end":{"line":14,"column":19}},"7":{"start":{"line":16,"column":14},"end":{"line":16,"column":15}},"8":{"start":{"line":17,"column":13},"end":{"line":17,"column":18}},"9":{"start":{"line":18,"column":2},"end":{"line":22,"column":null}},"10":{"start":{"line":19,"column":4},"end":{"line":19,"column":34}},"11":{"start":{"line":19,"column":28},"end":{"line":19,"column":34}},"12":{"start":{"line":20,"column":4},"end":{"line":20,"column":21}},"13":{"start":{"line":21,"column":4},"end":{"line":21,"column":12}},"14":{"start":{"line":23,"column":2},"end":{"line":28,"column":null}},"15":{"start":{"line":24,"column":15},"end":{"line":24,"column":24}},"16":{"start":{"line":25,"column":18},"end":{"line":25,"column":42}},"17":{"start":{"line":26,"column":4},"end":{"line":26,"column":24}},"18":{"start":{"line":27,"column":4},"end":{"line":27,"column":24}},"19":{"start":{"line":29,"column":2},"end":{"line":29,"column":15}},"20":{"start":{"line":3,"column":0},"end":{"line":3,"column":16}}},"fnMap":{"0":{"name":"insertNodeAtPosition","decl":{"start":{"line":3,"column":16},"end":{"line":3,"column":36}},"loc":{"start":{"line":6,"column":18},"end":{"line":30,"column":1}}}},"branchMap":{"0":{"loc":{"start":{"line":8,"column":2},"end":{"line":10,"column":null}},"type":"if","locations":[{"start":{"line":8,"column":2},"end":{"line":10,"column":null}}]},"1":{"loc":{"start":{"line":11,"column":2},"end":{"line":15,"column":null}},"type":"if","locations":[{"start":{"line":11,"column":2},"end":{"line":15,"column":null}}]},"2":{"loc":{"start":{"line":19,"column":4},"end":{"line":19,"column":34}},"type":"if","locations":[{"start":{"line":19,"column":4},"end":{"line":19,"column":34}}]},"3":{"loc":{"start":{"line":23,"column":2},"end":{"line":28,"column":null}},"type":"if","locations":[{"start":{"line":23,"column":2},"end":{"line":28,"column":null}}]}},"s":{"0":1,"1":1,"2":0,"3":1,"4":1,"5":1,"6":1,"7":0,"8":0,"9":0,"10":0,"11":0,"12":0,"13":0,"14":0,"15":0,"16":0,"17":0,"18":0,"19":0,"20":1},"f":{"0":1},"b":{"0":[0],"1":[1],"2":[0],"3":[0]}}
,"/mnt/ssd/nodejs/js/src/data-structures/LinkedList/Questions/print-the-elements-of-a-linked-list-in-reverse.ts": {"path":"/mnt/ssd/nodejs/js/src/data-structures/LinkedList/Questions/print-the-elements-of-a-linked-list-in-reverse.ts","statementMap":{"0":{"start":{"line":5,"column":2},"end":{"line":7,"column":null}},"1":{"start":{"line":6,"column":4},"end":{"line":6,"column":11}},"2":{"start":{"line":8,"column":21},"end":{"line":8,"column":26}},"3":{"start":{"line":9,"column":17},"end":{"line":9,"column":21}},"4":{"start":{"line":10,"column":2},"end":{"line":16,"column":null}},"5":{"start":{"line":11,"column":15},"end":{"line":11,"column":27}},"6":{"start":{"line":12,"column":4},"end":{"line":12,"column":28}},"7":{"start":{"line":13,"column":4},"end":{"line":13,"column":23}},"8":{"start":{"line":14,"column":4},"end":{"line":14,"column":19}},"9":{"start":{"line":15,"column":4},"end":{"line":15,"column":25}},"10":{"start":{"line":18,"column":2},"end":{"line":18,"column":18}},"11":{"start":{"line":3,"column":0},"end":{"line":3,"column":16}}},"fnMap":{"0":{"name":"reversePrint","decl":{"start":{"line":3,"column":16},"end":{"line":3,"column":28}},"loc":{"start":{"line":3,"column":57},"end":{"line":19,"column":1}}}},"branchMap":{"0":{"loc":{"start":{"line":5,"column":2},"end":{"line":7,"column":null}},"type":"if","locations":[{"start":{"line":5,"column":2},"end":{"line":7,"column":null}}]}},"s":{"0":1,"1":0,"2":1,"3":1,"4":1,"5":5,"6":5,"7":5,"8":5,"9":5,"10":1,"11":1},"f":{"0":1},"b":{"0":[0]}}
}
