TN:
SF:src/data-structures/LinkedList/LinkedList.ts
FN:9,(anonymous_0)
FN:18,(anonymous_1)
FN:25,(anonymous_2)
FN:40,(anonymous_3)
FN:58,(anonymous_4)
FN:84,(anonymous_5)
FN:114,(anonymous_6)
FN:160,(anonymous_7)
FN:164,(anonymous_8)
FN:168,(anonymous_9)
FN:181,(anonymous_10)
FN:192,(anonymous_11)
FN:203,(anonymous_12)
FN:208,(anonymous_13)
FN:220,(anonymous_14)
FN:224,(anonymous_15)
FN:229,(anonymous_16)
FNF:17
FNH:15
FNDA:57,(anonymous_0)
FNDA:15,(anonymous_1)
FNDA:17,(anonymous_2)
FNDA:34,(anonymous_3)
FNDA:8,(anonymous_4)
FNDA:8,(anonymous_5)
FNDA:18,(anonymous_6)
FNDA:5,(anonymous_7)
FNDA:5,(anonymous_8)
FNDA:12,(anonymous_9)
FNDA:4,(anonymous_10)
FNDA:1,(anonymous_11)
FNDA:3,(anonymous_12)
FNDA:17,(anonymous_13)
FNDA:4,(anonymous_14)
FNDA:0,(anonymous_15)
FNDA:0,(anonymous_16)
DA:6,4
DA:10,57
DA:11,57
DA:14,4
DA:17,15
DA:19,15
DA:21,15
DA:22,15
DA:28,17
DA:30,17
DA:32,17
DA:33,17
DA:36,17
DA:37,17
DA:41,34
DA:43,34
DA:44,10
DA:45,10
DA:49,24
DA:50,24
DA:52,24
DA:54,34
DA:55,34
DA:59,8
DA:61,8
DA:62,3
DA:64,5
DA:65,5
DA:66,5
DA:68,5
DA:69,6
DA:70,1
DA:71,1
DA:74,5
DA:75,5
DA:76,5
DA:77,5
DA:78,5
DA:81,0
DA:86,8
DA:89,6
DA:90,3
DA:94,3
DA:95,3
DA:96,3
DA:98,4
DA:99,3
DA:100,3
DA:101,3
DA:102,3
DA:104,1
DA:107,3
DA:108,0
DA:109,0
DA:111,3
DA:115,18
DA:116,3
DA:119,15
DA:120,0
DA:123,15
DA:124,10
DA:125,6
DA:126,6
DA:127,6
DA:128,6
DA:129,6
DA:131,4
DA:132,4
DA:133,4
DA:134,4
DA:136,5
DA:137,5
DA:138,5
DA:140,5
DA:141,7
DA:142,2
DA:143,2
DA:146,5
DA:147,5
DA:148,5
DA:149,5
DA:150,5
DA:153,0
DA:154,0
DA:155,0
DA:157,0
DA:161,5
DA:165,5
DA:169,12
DA:170,12
DA:171,9
DA:172,9
DA:173,9
DA:174,24
DA:175,17
DA:176,17
DA:178,2
DA:182,4
DA:183,4
DA:184,3
DA:185,3
DA:186,5
DA:187,5
DA:189,1
DA:193,1
DA:194,1
DA:195,1
DA:196,3
DA:197,3
DA:199,1
DA:204,3
DA:209,17
DA:210,17
DA:211,17
DA:212,17
DA:213,39
DA:214,39
DA:216,17
DA:217,17
DA:221,4
DA:225,0
DA:230,0
LF:122
LH:112
BRDA:9,0,0,40
BRDA:32,1,0,17
BRDA:43,2,0,10
BRDA:43,2,1,24
BRDA:49,3,0,24
BRDA:59,4,0,0
BRDA:59,4,1,8
BRDA:59,5,0,8
BRDA:59,5,1,0
BRDA:61,6,0,3
BRDA:69,7,0,5
BRDA:74,8,0,5
BRDA:86,9,0,2
BRDA:89,10,0,3
BRDA:98,11,0,3
BRDA:98,11,1,1
BRDA:107,12,0,0
BRDA:115,13,0,3
BRDA:119,14,0,0
BRDA:119,15,0,15
BRDA:119,15,1,15
BRDA:123,16,0,10
BRDA:124,17,0,6
BRDA:141,18,0,5
BRDA:146,19,0,5
BRDA:153,20,0,0
BRDA:169,21,0,0
BRDA:170,22,0,3
BRDA:174,23,0,7
BRDA:178,24,0,2
BRDA:182,25,0,0
BRDA:183,26,0,1
BRDA:187,27,0,2
BRDA:196,28,0,3
BRDA:196,28,1,0
BRDA:213,29,0,39
BRDA:213,29,1,0
BRDA:217,30,0,17
BRDA:217,30,1,3
BRF:39
BRH:30
end_of_record
TN:
SF:src/data-structures/LinkedList/Questions/delete-a-node-from-a-linked-list.ts
FN:3,deleteNode
FNF:1
FNH:1
FNDA:1,deleteNode
DA:3,1
DA:5,1
DA:6,1
DA:7,0
DA:8,0
DA:10,1
DA:11,1
DA:12,1
DA:13,3
DA:14,1
DA:15,1
DA:17,2
DA:18,2
DA:20,0
LF:14
LH:11
BRDA:5,0,0,0
BRDA:6,1,0,0
BRDA:13,2,0,1
BRF:3
BRH:1
end_of_record
TN:
SF:src/data-structures/LinkedList/Questions/insert-a-node-at-a-specific-position-in-a-linked-list.ts
FN:3,insertNodeAtPosition
FNF:1
FNH:1
FNDA:1,insertNodeAtPosition
DA:1,1
DA:3,1
DA:8,1
DA:9,0
DA:11,1
DA:12,1
DA:13,1
DA:14,1
DA:16,0
DA:17,0
DA:18,0
DA:19,0
DA:20,0
DA:21,0
DA:23,0
DA:24,0
DA:25,0
DA:26,0
DA:27,0
DA:29,0
LF:20
LH:7
BRDA:8,0,0,0
BRDA:11,1,0,1
BRDA:19,2,0,0
BRDA:23,3,0,0
BRF:4
BRH:1
end_of_record
TN:
SF:src/data-structures/LinkedList/Questions/print-the-elements-of-a-linked-list-in-reverse.ts
FN:3,reversePrint
FNF:1
FNH:1
FNDA:1,reversePrint
DA:3,1
DA:5,1
DA:6,0
DA:8,1
DA:9,1
DA:10,1
DA:11,5
DA:12,5
DA:13,5
DA:14,5
DA:15,5
DA:18,1
LF:12
LH:11
BRDA:5,0,0,0
BRF:1
BRH:0
end_of_record
